<?xml version="1.0" encoding="UTF-8"?>
<!-- Generated by org.testng.reporters.JUnitReportReporter -->
<testsuite hostname="TBS-20" failures="0" tests="3" name="testscript.Login" time="0.669" errors="0" timestamp="04 Aug 2022 09:21:03 GMT" skipped="1">
  <testcase classname="testscript.Login" name="browseropen" time="0.076"/>
  <testcase classname="testscript.Login" name="validlogin" time="0.593"/>
  <testcase classname="testscript.Login" name="validloginsession">
    <skipped/>
  </testcase> <!-- validloginsession -->
</testsuite> <!-- testscript.Login -->
