<?xml version="1.0" encoding="UTF-8"?>
<!-- Generated by org.testng.reporters.JUnitReportReporter -->
<testsuite hostname="TBS-25" failures="0" tests="3" name="testscript.Login" time="0.588" errors="0" timestamp="02 Aug 2022 06:17:58 GMT" skipped="1">
  <testcase classname="testscript.Login" name="browseropen" time="0.109"/>
  <testcase classname="testscript.Login" name="validlogin" time="0.479"/>
  <testcase classname="testscript.Login" name="validloginsession">
    <skipped/>
  </testcase> <!-- validloginsession -->
</testsuite> <!-- testscript.Login -->
